<?xml version="1.0" encoding="UTF-8"?>
<!-- Generated by org.testng.reporters.JUnitXMLReporter -->
<testsuite hostname="DESKTOP-20FUL3E" ignored="0" name="Default test" tests="3" failures="0" timestamp="2020-12-14T09:36:12 IST" time="86.105" errors="0">
  <testcase name="searchFieldTest" time="40.647" classname="com.MMT.testcases.FlightSearchPageTest"/>
  <testcase name="FlightSearchPageTitleTest" time="0.009" classname="com.MMT.testcases.FlightSearchPageTest"/>
  <testcase name="ValidateFlightImageTest" time="0.539" classname="com.MMT.testcases.FlightSearchPageTest"/>
</testsuite> <!-- Default test -->
