<?xml version="1.0" encoding="UTF-8"?>
<!-- Generated by org.testng.reporters.JUnitXMLReporter -->
<testsuite hostname="DESKTOP-20FUL3E" ignored="0" name="Test" tests="3" failures="0" timestamp="2020-12-24T11:36:32 IST" time="66.977" errors="0">
  <testcase name="searchFieldTest" time="30.11" classname="com.MMT.testcases.FlightSearchPageTest"/>
  <testcase name="FlightSearchPageTitleTest" time="0.008" classname="com.MMT.testcases.FlightSearchPageTest"/>
  <testcase name="ValidateFlightImageTest" time="0.431" classname="com.MMT.testcases.FlightSearchPageTest"/>
</testsuite> <!-- Test -->
